2025-05-13 18:52:53,476 - __main__ - INFO - Starting manual data collection...
2025-05-13 18:52:53,478 - __main__ - INFO - Data collection complete. Added 20 new threat entries.
2025-05-13 18:52:53,478 - __main__ - INFO - Database now contains 20 threats and 6 taxonomy entries
2025-05-13 18:55:06,005 - __main__ - INFO - Starting manual data collection...
2025-05-13 18:55:06,009 - __main__ - INFO - Data collection complete. Added 11 new threat entries.
2025-05-13 18:55:06,009 - __main__ - INFO - Database now contains 31 threats and 6 taxonomy entries
2025-05-13 19:03:45,568 - echelon.ml.model - INFO - Initializing new model...
2025-05-13 19:04:26,094 - echelon.ml.model - INFO - Initializing new model...
2025-05-13 19:05:13,449 - echelon.ml.model - INFO - Initializing new model...
2025-05-13 19:05:52,640 - echelon.ml.model - INFO - Initializing new model...
2025-05-13 19:05:52,769 - werkzeug - INFO - [31m[1mWARNING: This is a development server. Do not use it in a production deployment. Use a production WSGI server instead.[0m
 * Running on all addresses (0.0.0.0)
 * Running on http://127.0.0.1:5000
 * Running on http://192.168.4.36:5000
2025-05-13 19:05:52,770 - werkzeug - INFO - [33mPress CTRL+C to quit[0m
2025-05-13 19:05:52,771 - werkzeug - INFO -  * Restarting with stat
2025-05-13 19:05:54,055 - echelon.ml.model - INFO - Initializing new model...
2025-05-13 19:05:54,122 - werkzeug - WARNING -  * Debugger is active!
2025-05-13 19:05:54,135 - werkzeug - INFO -  * Debugger PIN: 122-796-167
2025-05-13 19:05:59,458 - werkzeug - INFO - 127.0.0.1 - - [13/May/2025 19:05:59] "GET / HTTP/1.1" 200 -
2025-05-13 19:05:59,532 - werkzeug - INFO - 127.0.0.1 - - [13/May/2025 19:05:59] "[33mGET /favicon.ico HTTP/1.1[0m" 404 -
2025-05-13 19:34:06,839 - echelon.ml.model - INFO - Initializing new model...
2025-05-13 19:34:16,552 - echelon.ml.model - INFO - Initializing new model...
2025-05-13 19:34:21,599 - werkzeug - INFO - [31m[1mWARNING: This is a development server. Do not use it in a production deployment. Use a production WSGI server instead.[0m
 * Running on all addresses (0.0.0.0)
 * Running on http://127.0.0.1:5000
 * Running on http://192.168.4.36:5000
2025-05-13 19:34:21,600 - werkzeug - INFO - [33mPress CTRL+C to quit[0m
2025-05-13 19:40:40,786 - __main__ - INFO - Seeding initial data...
2025-05-13 19:40:40,792 - __main__ - INFO - Added 20 sample threats to database
2025-05-13 19:40:42,976 - echelon.ml.model - INFO - Initializing new model...
2025-05-13 19:41:19,339 - echelon.ml.model - INFO - Initializing new model...
2025-05-13 19:43:05,415 - __main__ - INFO - Seeding initial data...
2025-05-13 19:43:05,419 - __main__ - INFO - Added 20 sample threats to database
2025-05-13 19:43:06,626 - echelon.data.manager - INFO - Initializing simplified ThreatDataManager...
2025-05-13 19:43:06,627 - echelon.ml.model - INFO - Initializing simplified ThreatMLModel...
2025-05-13 19:43:06,627 - echelon.ml.model - INFO - Using simplified prediction logic instead of actual model
2025-05-13 20:00:41,716 - __main__ - INFO - Seeding initial data...
2025-05-13 20:00:41,721 - __main__ - INFO - Added 20 sample threats to database
2025-05-13 20:00:42,962 - echelon.data.manager - INFO - Initializing simplified ThreatDataManager...
2025-05-13 20:00:42,962 - echelon.ml.model - INFO - Initializing ThreatMLModel...
2025-05-13 20:00:42,963 - echelon.ml.model - INFO - Loading ThreatIntelModel from echelon_ml...
