2025-05-16 21:17:56 - Starting Echelon fix process
2025-05-16 21:17:56 - [0;36m[1m>>> CHECKING SYSTEM DEPENDENCIES[0m
2025-05-16 21:17:56 - [0;32m✓ SUCCESS: Python 3.11.9 detected[0m
2025-05-16 21:17:57 - [1;33m⚠️ WARNING: Missing Python packages: numpy,requests,pycountry,scikit-learn. Will attempt to install.[0m
2025-05-16 21:17:58 - [0;36m[1m>>> CREATING SYSTEM BACKUPS[0m
2025-05-16 21:17:58 - [0;32m✓ SUCCESS: Backed up api_server.py[0m
2025-05-16 21:17:58 - [0;32m✓ SUCCESS: Backed up models/__init__.py[0m
2025-05-16 21:17:58 - [0;32m✓ SUCCESS: Backed up models/enhanced_prediction.py[0m
2025-05-16 21:17:58 - [0;32m✓ SUCCESS: Backed up models/ml_attack_forecaster.py[0m
2025-05-16 21:17:58 - [0;32m✓ SUCCESS: Backed up config/api_keys.json[0m
2025-05-16 21:17:58 - [0;34mℹ️ INFO: All critical files backed up to backups/20250516_211758[0m
2025-05-16 21:17:58 - [0;36m[1m>>> FIXING MODELS DIRECTORY STRUCTURE[0m
2025-05-16 21:17:58 - [0;34mℹ️ INFO: models/__init__.py already exists[0m
2025-05-16 21:17:58 - [0;34mℹ️ INFO: ml_attack_forecaster.py already exists[0m
2025-05-16 21:17:58 - [0;36m[1m>>> CONFIGURING ABSOLUTE PATHS FOR IMPORTS[0m
2025-05-16 21:17:58 - [0;32m✓ SUCCESS: Created path_config.py with absolute paths[0m
2025-05-16 21:17:58 - [0;36m[1m>>> FIXING API SERVER[0m
2025-05-16 21:17:58 - [0;32m✓ SUCCESS: Fixed imports in api_server.py[0m
2025-05-16 21:17:58 - [0;36m[1m>>> VALIDATING API SERVER[0m
2025-05-16 21:17:58 - [0;32m✓ SUCCESS: api_server.py validated successfully[0m
2025-05-16 21:17:58 - [0;36m[1m>>> ENFORCING REAL DATA ONLY MODE[0m
